  Activating project at `~/.julia/dev/Comrade/examples/GeometricModeling`
Precompiling project...
[32m  ✓ [39mOptimizationBBO
[32m  ✓ [39m[90mOptim[39m
[32m  ✓ [39mVLBIImagePriors
[32m  ✓ [39m[90mVLBISkyModels → VLBISkyModelsMakieExt[39m
[32m  ✓ [39mCairoMakie
[32m  ✓ [39m[90mComrade → ComradePigeonsExt[39m
[32m  ✓ [39m[90mComrade → ComradeMakieExt[39m
[32m  ✓ [39m[90mComrade → ComradePyehtimExt[39m
[32m  ✓ [39mComradeOptimization
  9 dependencies successfully precompiled in 45 seconds. 496 already precompiled.
  [33m1[39m dependency had output during precompilation:[33m
┌ [39mComrade → ComradePyehtimExt[33m
│  [39m[32m[1m    CondaPkg [22m[39m[0mFound dependencies: /home/ptiede/.julia/packages/PythonCall/wXfah/CondaPkg.toml[33m
│  [39m[32m[1m    CondaPkg [22m[39m[0mFound dependencies: /home/ptiede/.julia/packages/Pyehtim/YyZzM/CondaPkg.toml[33m
│  [39m[32m[1m    CondaPkg [22m[39m[0mDependencies already up to date[33m
│  [39mWarning: No NFFT installed![33m
│  [39mWelcome to eht-imaging! v 1.2.7[33m
└  [39m
   Resolving package versions...
  No Changes to `~/.julia/dev/Comrade/examples/GeometricModeling/Project.toml`
  No Changes to `~/.julia/dev/Comrade/examples/GeometricModeling/Manifest.toml`
